Naver Login/loginviaNaver/app/build/intermediates/manifest_merge_blame_file/debug/processDebugMainManifest/manifest-merger-blame-debug-report.txt
1<?xml version="1.0" encoding="utf-8"?>
2<manifest xmlns:android="http://schemas.android.com/apk/res/android"
3    package="com.example.loginvianaver"
4    android:versionCode="1"
5    android:versionName="1.0" >
6
7    <uses-sdk
8        android:minSdkVersion="33"
9        android:targetSdkVersion="34" />
10
11    <uses-permission android:name="android.permission.INTERNET" />
11-->src/main/AndroidManifest.xml:5:5-67
11-->src/main/AndroidManifest.xml:5:22-64
12    <uses-permission android:name="android.permission.ACCESS_NETWORK_STATE" />
12-->src/main/AndroidManifest.xml:6:5-79
12-->src/main/AndroidManifest.xml:6:22-76
13
14    <queries>
14-->[com.navercorp.nid:oauth:5.9.1] AndroidManifest.xml:11:5-21:15
15
16        <!-- 네이버앱 : 로그인, 스킴로그인 -->
17        <package android:name="com.nhn.android.search" />
17-->[com.navercorp.nid:oauth:5.9.1] AndroidManifest.xml:14:9-58
17-->[com.navercorp.nid:oauth:5.9.1] AndroidManifest.xml:14:18-55
18        <!-- 커스텀탭 로그인 -->
19        <intent>
19-->[com.navercorp.nid:oauth:5.9.1] AndroidManifest.xml:16:9-18:18
20            <action android:name="android.support.customtabs.action.CustomTabsService" />
20-->[com.navercorp.nid:oauth:5.9.1] AndroidManifest.xml:17:13-90
20-->[com.navercorp.nid:oauth:5.9.1] AndroidManifest.xml:17:21-87
21        </intent>
22
23        <package android:name="com.android.chrome" />
23-->[com.navercorp.nid:oauth:5.9.1] AndroidManifest.xml:20:9-54
23-->[com.navercorp.nid:oauth:5.9.1] AndroidManifest.xml:20:18-51
24    </queries>
25
26    <permission
26-->[androidx.core:core:1.13.1] AndroidManifest.xml:22:5-24:47
27        android:name="com.example.loginvianaver.DYNAMIC_RECEIVER_NOT_EXPORTED_PERMISSION"
27-->[androidx.core:core:1.13.1] AndroidManifest.xml:23:9-81
28        android:protectionLevel="signature" />
28-->[androidx.core:core:1.13.1] AndroidManifest.xml:24:9-44
29
30    <uses-permission android:name="com.example.loginvianaver.DYNAMIC_RECEIVER_NOT_EXPORTED_PERMISSION" />
30-->[androidx.core:core:1.13.1] AndroidManifest.xml:26:5-97
30-->[androidx.core:core:1.13.1] AndroidManifest.xml:26:22-94
31
32    <application
32-->src/main/AndroidManifest.xml:8:5-31:19
33        android:allowBackup="true"
33-->src/main/AndroidManifest.xml:9:9-35
34        android:appComponentFactory="androidx.core.app.CoreComponentFactory"
34-->[androidx.core:core:1.13.1] AndroidManifest.xml:28:18-86
35        android:dataExtractionRules="@xml/data_extraction_rules"
35-->src/main/AndroidManifest.xml:10:9-65
36        android:debuggable="true"
37        android:extractNativeLibs="false"
38        android:fullBackupContent="@xml/backup_rules"
38-->src/main/AndroidManifest.xml:11:9-54
39        android:icon="@mipmap/ic_launcher"
39-->src/main/AndroidManifest.xml:12:9-43
40        android:label="@string/app_name"
40-->src/main/AndroidManifest.xml:13:9-41
41        android:networkSecurityConfig="@xml/network_security_config"
41-->src/main/AndroidManifest.xml:14:9-69
42        android:roundIcon="@mipmap/ic_launcher_round"
42-->src/main/AndroidManifest.xml:15:9-54
43        android:supportsRtl="true"
43-->src/main/AndroidManifest.xml:16:9-35
44        android:testOnly="true"
45        android:theme="@style/Theme.LoginviaNaver" >
45-->src/main/AndroidManifest.xml:17:9-51
46        <activity
46-->src/main/AndroidManifest.xml:19:9-21:40
47            android:name="com.example.loginvianaver.ui.HomeActivity"
47-->src/main/AndroidManifest.xml:20:13-44
48            android:exported="false" />
48-->src/main/AndroidManifest.xml:21:13-37
49        <activity
49-->src/main/AndroidManifest.xml:22:9-30:20
50            android:name="com.example.loginvianaver.ui.MainActivity"
50-->src/main/AndroidManifest.xml:23:13-44
51            android:exported="true" >
51-->src/main/AndroidManifest.xml:24:13-36
52            <intent-filter>
52-->src/main/AndroidManifest.xml:25:13-29:29
53                <action android:name="android.intent.action.MAIN" />
53-->src/main/AndroidManifest.xml:26:17-69
53-->src/main/AndroidManifest.xml:26:25-66
54
55                <category android:name="android.intent.category.LAUNCHER" />
55-->src/main/AndroidManifest.xml:28:17-77
55-->src/main/AndroidManifest.xml:28:27-74
56            </intent-filter>
57        </activity>
58        <!-- <activity -->
59        <!-- android:name="com.nhn.android.naverlogin.ui.OAuthLoginActivity" -->
60        <!-- android:configChanges="orientation|screenSize" -->
61        <!-- android:theme="@style/Theme.AppCompat.Light.Dialog" /> -->
62        <activity
62-->[com.navercorp.nid:oauth:5.9.1] AndroidManifest.xml:30:9-33:78
63            android:name="com.navercorp.nid.oauth.NidOAuthBridgeActivity"
63-->[com.navercorp.nid:oauth:5.9.1] AndroidManifest.xml:31:13-74
64            android:configChanges="orientation|screenSize"
64-->[com.navercorp.nid:oauth:5.9.1] AndroidManifest.xml:32:13-59
65            android:theme="@style/Theme.AppCompat.Transparent.NoActionBar" /> <!-- <activity -->
65-->[com.navercorp.nid:oauth:5.9.1] AndroidManifest.xml:33:13-75
66        <!-- android:name="com.navercorp.nid.oauth.activity.NidOAuthWebViewActivity" -->
67        <!-- android:configChanges="orientation|screenSize" -->
68        <!-- android:screenOrientation="behind" -->
69        <!-- android:label="OAuth2.0 by WebView" -->
70        <!-- android:theme="@style/Theme.AppCompat.Transparent.NoActionBar"/> -->
71        <activity
71-->[com.navercorp.nid:oauth:5.9.1] AndroidManifest.xml:42:9-61:20
72            android:name="com.navercorp.nid.oauth.activity.NidOAuthCustomTabActivity"
72-->[com.navercorp.nid:oauth:5.9.1] AndroidManifest.xml:43:13-86
73            android:configChanges="orientation|screenSize"
73-->[com.navercorp.nid:oauth:5.9.1] AndroidManifest.xml:44:13-59
74            android:exported="true"
74-->[com.navercorp.nid:oauth:5.9.1] AndroidManifest.xml:45:13-36
75            android:label="OAuth2.0 by Custom tabs"
75-->[com.navercorp.nid:oauth:5.9.1] AndroidManifest.xml:46:13-52
76            android:launchMode="singleTask"
76-->[com.navercorp.nid:oauth:5.9.1] AndroidManifest.xml:47:13-44
77            android:screenOrientation="behind"
77-->[com.navercorp.nid:oauth:5.9.1] AndroidManifest.xml:48:13-47
78            android:theme="@style/Theme.AppCompat.NoActionBar" >
78-->[com.navercorp.nid:oauth:5.9.1] AndroidManifest.xml:49:13-63
79            <intent-filter>
79-->[com.navercorp.nid:oauth:5.9.1] AndroidManifest.xml:50:13-60:29
80                <action android:name="android.intent.action.VIEW" />
80-->[com.navercorp.nid:oauth:5.9.1] AndroidManifest.xml:51:17-69
80-->[com.navercorp.nid:oauth:5.9.1] AndroidManifest.xml:51:25-66
81
82                <category android:name="android.intent.category.DEFAULT" />
82-->[com.navercorp.nid:oauth:5.9.1] AndroidManifest.xml:53:17-76
82-->[com.navercorp.nid:oauth:5.9.1] AndroidManifest.xml:53:27-73
83                <category android:name="android.intent.category.BROWSABLE" />
83-->[com.navercorp.nid:oauth:5.9.1] AndroidManifest.xml:54:17-78
83-->[com.navercorp.nid:oauth:5.9.1] AndroidManifest.xml:54:27-75
84                <!-- Intent URL 에서 로그인 액티비티를 실행하기 위해 설정 -->
85                <data
85-->[com.navercorp.nid:oauth:5.9.1] AndroidManifest.xml:56:17-59:59
86                    android:host="authorize"
86-->[com.navercorp.nid:oauth:5.9.1] AndroidManifest.xml:57:21-45
87                    android:path="/"
87-->[com.navercorp.nid:oauth:5.9.1] AndroidManifest.xml:58:21-37
88                    android:scheme="naver3rdpartylogin" />
88-->[com.navercorp.nid:oauth:5.9.1] AndroidManifest.xml:59:21-56
89            </intent-filter>
90        </activity>
91
92        <provider
92-->[androidx.emoji2:emoji2:1.2.0] AndroidManifest.xml:24:9-32:20
93            android:name="androidx.startup.InitializationProvider"
93-->[androidx.emoji2:emoji2:1.2.0] AndroidManifest.xml:25:13-67
94            android:authorities="com.example.loginvianaver.androidx-startup"
94-->[androidx.emoji2:emoji2:1.2.0] AndroidManifest.xml:26:13-68
95            android:exported="false" >
95-->[androidx.emoji2:emoji2:1.2.0] AndroidManifest.xml:27:13-37
96            <meta-data
96-->[androidx.emoji2:emoji2:1.2.0] AndroidManifest.xml:29:13-31:52
97                android:name="androidx.emoji2.text.EmojiCompatInitializer"
97-->[androidx.emoji2:emoji2:1.2.0] AndroidManifest.xml:30:17-75
98                android:value="androidx.startup" />
98-->[androidx.emoji2:emoji2:1.2.0] AndroidManifest.xml:31:17-49
99            <meta-data
99-->[androidx.lifecycle:lifecycle-process:2.6.2] AndroidManifest.xml:29:13-31:52
100                android:name="androidx.lifecycle.ProcessLifecycleInitializer"
100-->[androidx.lifecycle:lifecycle-process:2.6.2] AndroidManifest.xml:30:17-78
101                android:value="androidx.startup" />
101-->[androidx.lifecycle:lifecycle-process:2.6.2] AndroidManifest.xml:31:17-49
102            <meta-data
102-->[androidx.profileinstaller:profileinstaller:1.3.1] AndroidManifest.xml:29:13-31:52
103                android:name="androidx.profileinstaller.ProfileInstallerInitializer"
103-->[androidx.profileinstaller:profileinstaller:1.3.1] AndroidManifest.xml:30:17-85
104                android:value="androidx.startup" />
104-->[androidx.profileinstaller:profileinstaller:1.3.1] AndroidManifest.xml:31:17-49
105        </provider>
106
107        <receiver
107-->[androidx.profileinstaller:profileinstaller:1.3.1] AndroidManifest.xml:34:9-52:20
108            android:name="androidx.profileinstaller.ProfileInstallReceiver"
108-->[androidx.profileinstaller:profileinstaller:1.3.1] AndroidManifest.xml:35:13-76
109            android:directBootAware="false"
109-->[androidx.profileinstaller:profileinstaller:1.3.1] AndroidManifest.xml:36:13-44
110            android:enabled="true"
110-->[androidx.profileinstaller:profileinstaller:1.3.1] AndroidManifest.xml:37:13-35
111            android:exported="true"
111-->[androidx.profileinstaller:profileinstaller:1.3.1] AndroidManifest.xml:38:13-36
112            android:permission="android.permission.DUMP" >
112-->[androidx.profileinstaller:profileinstaller:1.3.1] AndroidManifest.xml:39:13-57
113            <intent-filter>
113-->[androidx.profileinstaller:profileinstaller:1.3.1] AndroidManifest.xml:40:13-42:29
114                <action android:name="androidx.profileinstaller.action.INSTALL_PROFILE" />
114-->[androidx.profileinstaller:profileinstaller:1.3.1] AndroidManifest.xml:41:17-91
114-->[androidx.profileinstaller:profileinstaller:1.3.1] AndroidManifest.xml:41:25-88
115            </intent-filter>
116            <intent-filter>
116-->[androidx.profileinstaller:profileinstaller:1.3.1] AndroidManifest.xml:43:13-45:29
117                <action android:name="androidx.profileinstaller.action.SKIP_FILE" />
117-->[androidx.profileinstaller:profileinstaller:1.3.1] AndroidManifest.xml:44:17-85
117-->[androidx.profileinstaller:profileinstaller:1.3.1] AndroidManifest.xml:44:25-82
118            </intent-filter>
119            <intent-filter>
119-->[androidx.profileinstaller:profileinstaller:1.3.1] AndroidManifest.xml:46:13-48:29
120                <action android:name="androidx.profileinstaller.action.SAVE_PROFILE" />
120-->[androidx.profileinstaller:profileinstaller:1.3.1] AndroidManifest.xml:47:17-88
120-->[androidx.profileinstaller:profileinstaller:1.3.1] AndroidManifest.xml:47:25-85
121            </intent-filter>
122            <intent-filter>
122-->[androidx.profileinstaller:profileinstaller:1.3.1] AndroidManifest.xml:49:13-51:29
123                <action android:name="androidx.profileinstaller.action.BENCHMARK_OPERATION" />
123-->[androidx.profileinstaller:profileinstaller:1.3.1] AndroidManifest.xml:50:17-95
123-->[androidx.profileinstaller:profileinstaller:1.3.1] AndroidManifest.xml:50:25-92
124            </intent-filter>
125        </receiver>
126    </application>
127
128</manifest>